2022-04-21 22:38:45 INFO  file:47 - Сервер запущен
2022-04-24 16:30:27 INFO  file:46 - Сервер запущен
2022-04-24 16:30:31 INFO  file:62 - Клиент подключился
2022-04-24 16:30:35 INFO  file:62 - Клиент подключился
2022-04-24 16:30:38 INFO  file:62 - Клиент подключился
2022-04-24 16:30:42 INFO  file:62 - Клиент подключился
2022-04-24 16:30:45 INFO  file:62 - Клиент подключился
2022-04-24 16:30:55 INFO  file:115 - Пользователь Диана подключился к чату
2022-04-24 16:30:55 INFO  file:161 - Получен список активных пользователей: Диана
2022-04-24 16:31:14 INFO  file:115 - Пользователь Тимофей_Сафронов подключился к чату
2022-04-24 16:31:14 INFO  file:161 - Получен список активных пользователей: Диана Тимофей_Сафронов
2022-04-24 16:31:24 INFO  file:115 - Пользователь Андрей подключился к чату
2022-04-24 16:31:24 INFO  file:161 - Получен список активных пользователей: Диана Тимофей_Сафронов Андрей
2022-04-24 16:31:32 INFO  file:115 - Пользователь Дмитрий подключился к чату
2022-04-24 16:31:32 INFO  file:161 - Получен список активных пользователей: Диана Тимофей_Сафронов Андрей Дмитрий
2022-04-24 16:31:39 INFO  file:115 - Пользователь Арман_Беймишев подключился к чату
2022-04-24 16:31:39 INFO  file:161 - Получен список активных пользователей: Диана Тимофей_Сафронов Андрей Дмитрий Арман_Беймишев
2022-04-24 16:32:45 INFO  file:206 - Тимофей_Сафронов отправил сообщение: ыясваыясчч
2022-04-24 16:32:52 INFO  file:206 - Диана отправил сообщение: ыяасяычсчсчсаяч
2022-04-24 16:33:32 INFO  file:193 - Смена ника Андрей на ANDREW
2022-04-24 16:36:26 INFO  file:154 - Диана отправил приватное сообщение пользователю Арман_Беймишев: sdfgfsdfxv
2022-04-24 16:38:22 INFO  file:167 - ANDREW отключился от чата
2022-04-24 16:39:11 INFO  file:145 - Дмитрий отключился от чата
2022-04-24 16:39:57 INFO  file:193 - Смена ника Арман_Беймишев на ARMAN_BEYMISHEV
2022-04-24 16:40:52 INFO  file:167 - Диана отключился от чата
2022-04-24 16:41:17 INFO  file:115 - Пользователь ANDREW подключился к чату
2022-04-24 16:41:18 INFO  file:161 - Получен список активных пользователей: Тимофей_Сафронов ARMAN_BEYMISHEV ANDREW
2022-04-24 16:42:22 INFO  file:145 - ANDREW отключился от чата
2022-04-24 16:42:29 INFO  file:115 - Пользователь ANDREW подключился к чату
2022-04-24 16:42:29 INFO  file:161 - Получен список активных пользователей: Тимофей_Сафронов ARMAN_BEYMISHEV ANDREW
2022-04-24 16:42:55 INFO  file:167 - ANDREW отключился от чата
2022-04-24 16:43:15 INFO  file:62 - Клиент подключился
2022-04-24 16:43:23 INFO  file:115 - Пользователь Диана подключился к чату
2022-04-24 16:43:23 INFO  file:161 - Получен список активных пользователей: Тимофей_Сафронов ARMAN_BEYMISHEV Диана
2022-04-24 16:43:43 INFO  file:167 - Диана отключился от чата
2022-04-24 16:43:50 INFO  file:62 - Клиент подключился
2022-04-24 16:43:57 INFO  file:115 - Пользователь Диана подключился к чату
2022-04-24 16:43:57 INFO  file:161 - Получен список активных пользователей: Тимофей_Сафронов ARMAN_BEYMISHEV Диана
2022-04-24 16:44:10 INFO  file:167 - Диана отключился от чата
2022-04-24 16:44:12 INFO  file:167 - Тимофей_Сафронов отключился от чата
2022-04-24 16:44:13 INFO  file:167 - ARMAN_BEYMISHEV отключился от чата
2022-04-24 16:45:55 INFO  file:46 - Сервер запущен
2022-04-24 16:46:02 INFO  file:62 - Клиент подключился
2022-04-24 16:46:08 WARN  file:120 - Ошибка: Неверный логин и/или пароль
2022-04-24 16:46:08 WARN  file:78 - Неудачная попытка аутентификации
2022-04-24 16:46:14 INFO  file:115 - Пользователь Диана подключился к чату
2022-04-24 16:46:14 INFO  file:161 - Получен список активных пользователей: Диана
2022-04-24 16:46:16 INFO  file:167 - Диана отключился от чата
2022-04-24 16:46:57 INFO  file:46 - Сервер запущен
2022-04-24 16:47:19 INFO  file:62 - Клиент подключился
2022-04-24 16:47:23 INFO  file:115 - Пользователь Диана подключился к чату
2022-04-24 16:47:23 INFO  file:161 - Получен список активных пользователей: Диана
2022-04-24 16:47:27 INFO  file:139 - Сервер остановлен
2022-04-24 17:37:19 INFO  file:41 - Сервер запущен
2022-04-24 17:37:23 INFO  file:56 - Клиент подключился
2022-04-24 17:37:27 INFO  file:56 - Клиент подключился
2022-04-24 17:37:30 INFO  file:56 - Клиент подключился
2022-04-24 17:37:32 INFO  file:56 - Клиент подключился
2022-04-24 17:37:34 INFO  file:56 - Клиент подключился
2022-04-24 17:37:39 INFO  file:115 - Пользователь Диана_Кун подключился к чату
2022-04-24 17:37:39 INFO  file:161 - Получен список активных пользователей: Диана_Кун
2022-04-24 17:37:54 INFO  file:115 - Пользователь Тимофей_Сафронов подключился к чату
2022-04-24 17:37:54 INFO  file:161 - Получен список активных пользователей: Диана_Кун Тимофей_Сафронов
2022-04-24 17:38:02 INFO  file:115 - Пользователь Андрей подключился к чату
2022-04-24 17:38:02 INFO  file:161 - Получен список активных пользователей: Диана_Кун Тимофей_Сафронов Андрей
2022-04-24 17:38:10 INFO  file:115 - Пользователь Дмитрий_Друзяко подключился к чату
2022-04-24 17:38:10 INFO  file:161 - Получен список активных пользователей: Диана_Кун Тимофей_Сафронов Андрей Дмитрий_Друзяко
2022-04-24 17:38:18 INFO  file:115 - Пользователь Арман подключился к чату
2022-04-24 17:38:19 INFO  file:161 - Получен список активных пользователей: Диана_Кун Тимофей_Сафронов Андрей Дмитрий_Друзяко Арман
2022-04-24 17:38:52 INFO  file:154 - Дмитрий_Друзяко отправил приватное сообщение пользователю Тимофей_Сафронов: cxxcbnxfgxccv
2022-04-24 17:39:30 INFO  file:167 - Андрей отключился от чата
2022-04-24 17:40:29 INFO  file:145 - Тимофей_Сафронов отключился от чата
2022-04-24 17:41:29 INFO  file:115 - Пользователь Тимофей_Сафронов подключился к чату
2022-04-24 17:41:29 INFO  file:161 - Получен список активных пользователей: Диана_Кун Дмитрий_Друзяко Арман Тимофей_Сафронов
2022-04-24 17:42:25 INFO  file:154 - Дмитрий_Друзяко отправил приватное сообщение пользователю Арман: /change Дмитрий
2022-04-24 17:42:46 INFO  file:193 - Смена ника Дмитрий_Друзяко на Дмитрий
2022-04-24 17:43:54 INFO  file:193 - Смена ника Диана_Кун на DIANA_KUN
2022-04-24 17:44:14 INFO  file:205 - Тимофей_Сафронов отправил сообщение: cdxgvdfdsfgh
2022-04-24 17:44:21 INFO  file:205 - Дмитрий отправил сообщение: safdfgsdgfdg
2022-04-24 17:45:16 INFO  file:167 - Арман отключился от чата
2022-04-24 17:45:21 INFO  file:167 - Дмитрий отключился от чата
2022-04-24 17:45:23 INFO  file:167 - DIANA_KUN отключился от чата
2022-04-24 17:45:27 INFO  file:139 - Сервер остановлен
